Using pre-set license
Built from '2021.3/staging' branch; Version is '2021.3.6f1 (7da38d85baf6) revision 8233869'; Using compiler version '192829333'; Build Type 'Release'
OS: 'Windows 11  (10.0.22621) 64bit Core' Language: 'en' Physical Memory: 32678 MB
BatchMode: 1, IsHumanControllingUs: 0, StartBugReporterOnCrash: 0, Is64bit: 1, IsPro: 1

COMMAND LINE ARGUMENTS:
C:\Program Files\Unity\Hub\Editor\2021.3.6f1\Editor\Unity.exe
-adb2
-batchMode
-noUpm
-name
AssetImportWorker2
-projectPath
C:/Users/jackh/Documents/repos/UoL-Work/VR-Workshop-JHartman
-logFile
Logs/AssetImportWorker2.log
-srvPort
51196
Successfully changed project path to: C:/Users/jackh/Documents/repos/UoL-Work/VR-Workshop-JHartman
C:/Users/jackh/Documents/repos/UoL-Work/VR-Workshop-JHartman
[UnityMemory] Configuration Parameters - Can be set up in boot.config
    "memorysetup-bucket-allocator-granularity=16"
    "memorysetup-bucket-allocator-bucket-count=8"
    "memorysetup-bucket-allocator-block-size=33554432"
    "memorysetup-bucket-allocator-block-count=8"
    "memorysetup-main-allocator-block-size=16777216"
    "memorysetup-thread-allocator-block-size=16777216"
    "memorysetup-gfx-main-allocator-block-size=16777216"
    "memorysetup-gfx-thread-allocator-block-size=16777216"
    "memorysetup-cache-allocator-block-size=4194304"
    "memorysetup-typetree-allocator-block-size=2097152"
    "memorysetup-profiler-bucket-allocator-granularity=16"
    "memorysetup-profiler-bucket-allocator-bucket-count=8"
    "memorysetup-profiler-bucket-allocator-block-size=33554432"
    "memorysetup-profiler-bucket-allocator-block-count=8"
    "memorysetup-profiler-allocator-block-size=16777216"
    "memorysetup-profiler-editor-allocator-block-size=1048576"
    "memorysetup-temp-allocator-size-main=16777216"
    "memorysetup-job-temp-allocator-block-size=2097152"
    "memorysetup-job-temp-allocator-block-size-background=1048576"
    "memorysetup-job-temp-allocator-reduction-small-platforms=262144"
    "memorysetup-temp-allocator-size-background-worker=32768"
    "memorysetup-temp-allocator-size-job-worker=262144"
    "memorysetup-temp-allocator-size-preload-manager=33554432"
    "memorysetup-temp-allocator-size-nav-mesh-worker=65536"
    "memorysetup-temp-allocator-size-audio-worker=65536"
    "memorysetup-temp-allocator-size-cloud-worker=32768"
    "memorysetup-temp-allocator-size-gi-baking-worker=262144"
    "memorysetup-temp-allocator-size-gfx=262144"
Refreshing native plugins compatible for Editor in 65.79 ms, found 11 plugins.
Preloading 1 native plugins for Editor in 1.12 ms.
Initialize engine version: 2021.3.6f1 (7da38d85baf6)
[Subsystems] Discovering subsystems at path C:/Program Files/Unity/Hub/Editor/2021.3.6f1/Editor/Data/Resources/UnitySubsystems
[Subsystems] Discovering subsystems at path C:/Users/jackh/Documents/repos/UoL-Work/VR-Workshop-JHartman/Assets
GfxDevice: creating device client; threaded=0; jobified=0
Direct3D:
    Version:  Direct3D 11.0 [level 11.1]
    Renderer: NVIDIA GeForce GTX 1070 (ID=0x1b81)
    Vendor:   NVIDIA
    VRAM:     8088 MB
    Driver:   31.0.15.1694
Initialize mono
Mono path[0] = 'C:/Program Files/Unity/Hub/Editor/2021.3.6f1/Editor/Data/Managed'
Mono path[1] = 'C:/Program Files/Unity/Hub/Editor/2021.3.6f1/Editor/Data/MonoBleedingEdge/lib/mono/unityjit-win32'
Mono config path = 'C:/Program Files/Unity/Hub/Editor/2021.3.6f1/Editor/Data/MonoBleedingEdge/etc'
Using monoOptions --debugger-agent=transport=dt_socket,embedding=1,server=y,suspend=n,address=127.0.0.1:56320
Begin MonoManager ReloadAssembly
Registering precompiled unity dll's ...
Register platform support module: C:/Program Files/Unity/Hub/Editor/2021.3.6f1/Editor/Data/PlaybackEngines/AndroidPlayer/UnityEditor.Android.Extensions.dll
Register platform support module: C:/Program Files/Unity/Hub/Editor/2021.3.6f1/Editor/Data/PlaybackEngines/WindowsStandaloneSupport/UnityEditor.WindowsStandalone.Extensions.dll
Registered in 0.009154 seconds.
Native extension for WindowsStandalone target not found
Native extension for Android target not found
Refreshing native plugins compatible for Editor in 41.38 ms, found 11 plugins.
Preloading 1 native plugins for Editor in 0.17 ms.
Mono: successfully reloaded assembly
- Completed reload, in  0.558 seconds
Domain Reload Profiling:
	ReloadAssembly (558ms)
		BeginReloadAssembly (69ms)
			ExecutionOrderSort (0ms)
			DisableScriptedObjects (0ms)
			BackupInstance (0ms)
			ReleaseScriptingObjects (0ms)
			CreateAndSetChildDomain (1ms)
		EndReloadAssembly (383ms)
			LoadAssemblies (68ms)
			RebuildTransferFunctionScriptingTraits (0ms)
			SetupTypeCache (92ms)
			ReleaseScriptCaches (0ms)
			RebuildScriptCaches (24ms)
			SetupLoadedEditorAssemblies (218ms)
				LogAssemblyErrors (0ms)
				InitializePlatformSupportModulesInManaged (52ms)
				SetLoadedEditorAssemblies (2ms)
				RefreshPlugins (42ms)
				BeforeProcessingInitializeOnLoad (1ms)
				ProcessInitializeOnLoadAttributes (83ms)
				ProcessInitializeOnLoadMethodAttributes (39ms)
				AfterProcessingInitializeOnLoad (0ms)
				EditorAssembliesLoaded (0ms)
			ExecutionOrderSort2 (0ms)
			AwakeInstancesAfterBackupRestoration (0ms)
Platform modules already initialized, skipping
Registering precompiled user dll's ...
Registered in 0.008111 seconds.
Begin MonoManager ReloadAssembly
Native extension for WindowsStandalone target not found
Native extension for Android target not found
Refreshing native plugins compatible for Editor in 42.78 ms, found 11 plugins.
Preloading 1 native plugins for Editor in 0.08 ms.
Package Manager log level set to [2]
System.Reflection.TargetInvocationException: Exception has been thrown by the target of an invocation. ---> System.NullReferenceException: Object reference not set to an instance of an object
  at Unity.XR.Oculus.OculusLoader.AssetPathToAbsolutePath (System.String assetPath) [0x0003d] in C:\Users\jackh\Documents\repos\UoL-Work\VR-Workshop-JHartman\Library\PackageCache\com.unity.xr.oculus@3.0.2\Runtime\OculusLoader.cs:271 
  at Unity.XR.Oculus.OculusLoader.EditorLoadOVRPlugin () [0x0007b] in C:\Users\jackh\Documents\repos\UoL-Work\VR-Workshop-JHartman\Library\PackageCache\com.unity.xr.oculus@3.0.2\Runtime\OculusLoader.cs:256 
  at (wrapper managed-to-native) System.Reflection.RuntimeMethodInfo.InternalInvoke(System.Reflection.RuntimeMethodInfo,object,object[],System.Exception&)
  at System.Reflection.RuntimeMethodInfo.Invoke (System.Object obj, System.Reflection.BindingFlags invokeAttr, System.Reflection.Binder binder, System.Object[] parameters, System.Globalization.CultureInfo culture) [0x0006a] in <e40e5a8f982c4b618a930d29f9bd091c>:0 
   --- End of inner exception stack trace ---
  at System.Reflection.RuntimeMethodInfo.Invoke (System.Object obj, System.Reflection.BindingFlags invokeAttr, System.Reflection.Binder binder, System.Object[] parameters, System.Globalization.CultureInfo culture) [0x00083] in <e40e5a8f982c4b618a930d29f9bd091c>:0 
  at System.Reflection.MethodBase.Invoke (System.Object obj, System.Object[] parameters) [0x00000] in <e40e5a8f982c4b618a930d29f9bd091c>:0 
  at UnityEditor.EditorAssemblies.ProcessInitializeOnLoadMethodAttributes () [0x000a5] in <44a70d1b13cf47e29810e30f45ffae08>:0 
UnityEngine.StackTraceUtility:ExtractStackTrace ()
UnityEngine.DebugLogHandler:LogFormat (UnityEngine.LogType,UnityEngine.Object,string,object[])
UnityEngine.Logger:Log (UnityEngine.LogType,object)
UnityEngine.Debug:LogError (object)
UnityEditor.EditorAssemblies:ProcessInitializeOnLoadMethodAttributes ()

Mono: successfully reloaded assembly
- Completed reload, in  1.082 seconds
Domain Reload Profiling:
	ReloadAssembly (1083ms)
		BeginReloadAssembly (219ms)
			ExecutionOrderSort (0ms)
			DisableScriptedObjects (5ms)
			BackupInstance (0ms)
			ReleaseScriptingObjects (0ms)
			CreateAndSetChildDomain (129ms)
		EndReloadAssembly (758ms)
			LoadAssemblies (82ms)
			RebuildTransferFunctionScriptingTraits (0ms)
			SetupTypeCache (173ms)
			ReleaseScriptCaches (1ms)
			RebuildScriptCaches (60ms)
			SetupLoadedEditorAssemblies (396ms)
				LogAssemblyErrors (0ms)
				InitializePlatformSupportModulesInManaged (12ms)
				SetLoadedEditorAssemblies (0ms)
				RefreshPlugins (43ms)
				BeforeProcessingInitializeOnLoad (68ms)
				ProcessInitializeOnLoadAttributes (237ms)
				ProcessInitializeOnLoadMethodAttributes (30ms)
				AfterProcessingInitializeOnLoad (7ms)
				EditorAssembliesLoaded (0ms)
			ExecutionOrderSort2 (0ms)
			AwakeInstancesAfterBackupRestoration (5ms)
Platform modules already initialized, skipping
========================================================================
Worker process is ready to serve import requests
Launched and connected shader compiler UnityShaderCompiler.exe after 0.04 seconds
Refreshing native plugins compatible for Editor in 0.76 ms, found 11 plugins.
Preloading 1 native plugins for Editor in 0.09 ms.
Unloading 2541 Unused Serialized files (Serialized files now loaded: 0)
Unloading 41 unused Assets / (56.3 KB). Loaded Objects now: 2997.
Memory consumption went from 104.6 MB to 104.6 MB.
Total: 3.087700 ms (FindLiveObjects: 0.190400 ms CreateObjectMapping: 0.069000 ms MarkObjects: 2.735400 ms  DeleteObjects: 0.092200 ms)

AssetImportParameters requested are different than current active one (requested -> active):
  custom:video-decoder-ogg-theora: a1e56fd34408186e4bbccfd4996cb3dc -> 
  custom:container-muxer-webm: aa71ff27fc2769a1b78a27578f13a17b -> 
  custom:container-demuxer-webm: 4f35f7cbe854078d1ac9338744f61a02 -> 
  custom:video-encoder-webm-vp8: eb34c28f22e8b96e1ab97ce403110664 -> 
  custom:audio-encoder-webm-vorbis: bf7c407c2cedff20999df2af8eb42d56 -> 
  custom:framework-win-MediaFoundation: 216162199b28c13a410421893ffa2e32 -> 
  custom:container-demuxer-ogg: 62fdf1f143b41e24485cea50d1cbac27 -> 
  custom:video-decoder-webm-vp8: 9c59270c3fd7afecdb556c50c9e8de78 -> 
  custom:audio-decoder-ogg-vorbis: bf7c407c2cedff20999df2af8eb42d56 -> 
========================================================================
Received Import Request.
  Time since last request: 1554.025932 seconds.
  path: Assets/LowpolyStreetPack/Prefabs/StreetProps/FuseBox
  artifactKey: Guid(3f549d4208c99eb4fb6f1e53e751caa5) Importer(815301076,1909f56bfc062723c751e8b465ee728b)
Start importing Assets/LowpolyStreetPack/Prefabs/StreetProps/FuseBox using Guid(3f549d4208c99eb4fb6f1e53e751caa5) Importer(815301076,1909f56bfc062723c751e8b465ee728b)  -> (artifact id: 'a1fab969231770e1d2a3de7dc2daa95d') in 0.008781 seconds 
========================================================================
Received Import Request.
  Time since last request: 0.053849 seconds.
  path: Assets/LowpolyStreetPack/Prefabs/StreetProps/FuseBox/FuseBox.prefab
  artifactKey: Guid(86948bb7ab2a8274aa6a73f0ed8b64d5) Importer(815301076,1909f56bfc062723c751e8b465ee728b)
Start importing Assets/LowpolyStreetPack/Prefabs/StreetProps/FuseBox/FuseBox.prefab using Guid(86948bb7ab2a8274aa6a73f0ed8b64d5) Importer(815301076,1909f56bfc062723c751e8b465ee728b)  -> (artifact id: '3fe3773cd062814d8f581bdbd4f252cc') in 0.274676 seconds 
========================================================================
Received Import Request.
  Time since last request: 1.587188 seconds.
  path: Assets/LowpolyStreetPack/Prefabs/StreetProps/Hidrant
  artifactKey: Guid(5ba7dd24a1c0b6a40af55df5538f56b5) Importer(815301076,1909f56bfc062723c751e8b465ee728b)
Start importing Assets/LowpolyStreetPack/Prefabs/StreetProps/Hidrant using Guid(5ba7dd24a1c0b6a40af55df5538f56b5) Importer(815301076,1909f56bfc062723c751e8b465ee728b)  -> (artifact id: 'ff0e1a4728768fe1165fc90623c8d171') in 0.005509 seconds 
========================================================================
Received Import Request.
  Time since last request: 0.069041 seconds.
  path: Assets/LowpolyStreetPack/Prefabs/StreetProps/Hidrant/Hidrant.prefab
  artifactKey: Guid(28d375a433cc78c4fa3db00df795f14d) Importer(815301076,1909f56bfc062723c751e8b465ee728b)
Start importing Assets/LowpolyStreetPack/Prefabs/StreetProps/Hidrant/Hidrant.prefab using Guid(28d375a433cc78c4fa3db00df795f14d) Importer(815301076,1909f56bfc062723c751e8b465ee728b)  -> (artifact id: 'f580b1e68819b61c1412fbe2cab17718') in 0.157710 seconds 
========================================================================
Received Import Request.
  Time since last request: 11.746387 seconds.
  path: Assets/LowpolyStreetPack/Prefabs/StreetProps/Phone
  artifactKey: Guid(bc1a02111c097a84a80441deab9e4d9e) Importer(815301076,1909f56bfc062723c751e8b465ee728b)
Start importing Assets/LowpolyStreetPack/Prefabs/StreetProps/Phone using Guid(bc1a02111c097a84a80441deab9e4d9e) Importer(815301076,1909f56bfc062723c751e8b465ee728b)  -> (artifact id: '92f519405c2610aae13b668d3e5ecf5e') in 0.005265 seconds 
========================================================================
Received Import Request.
  Time since last request: 0.067863 seconds.
  path: Assets/LowpolyStreetPack/Prefabs/StreetProps/Phone/Phone.prefab
  artifactKey: Guid(68ee3d17a75022e4ebc3881d12645841) Importer(815301076,1909f56bfc062723c751e8b465ee728b)
Start importing Assets/LowpolyStreetPack/Prefabs/StreetProps/Phone/Phone.prefab using Guid(68ee3d17a75022e4ebc3881d12645841) Importer(815301076,1909f56bfc062723c751e8b465ee728b)  -> (artifact id: '32ab4435790131a6ef1ecb158792729f') in 0.155921 seconds 
========================================================================
Received Import Request.
  Time since last request: 12.799008 seconds.
  path: Assets/LowpolyStreetPack/Prefabs/StreetProps/PlantPots
  artifactKey: Guid(6cfcc932ce73ee9409b29acc3715e9af) Importer(815301076,1909f56bfc062723c751e8b465ee728b)
Start importing Assets/LowpolyStreetPack/Prefabs/StreetProps/PlantPots using Guid(6cfcc932ce73ee9409b29acc3715e9af) Importer(815301076,1909f56bfc062723c751e8b465ee728b)  -> (artifact id: 'ae9e474d4ea463a8fb985b56781be901') in 0.005436 seconds 
========================================================================
Received Import Request.
  Time since last request: 1.104434 seconds.
  path: Assets/LowpolyStreetPack/Prefabs/StreetProps/PlantPots/Elements
  artifactKey: Guid(72e859b3a10f0cc4d8631e69e87d7732) Importer(815301076,1909f56bfc062723c751e8b465ee728b)
Start importing Assets/LowpolyStreetPack/Prefabs/StreetProps/PlantPots/Elements using Guid(72e859b3a10f0cc4d8631e69e87d7732) Importer(815301076,1909f56bfc062723c751e8b465ee728b)  -> (artifact id: 'e2c3cd7aa8ebc0e325b3315894df4569') in 0.005526 seconds 
========================================================================
Received Import Request.
  Time since last request: 0.992697 seconds.
  path: Assets/LowpolyStreetPack/Prefabs/StreetProps/PlantPots/QuickBuild
  artifactKey: Guid(92146545d0534f645ba163cf223a544e) Importer(815301076,1909f56bfc062723c751e8b465ee728b)
Start importing Assets/LowpolyStreetPack/Prefabs/StreetProps/PlantPots/QuickBuild using Guid(92146545d0534f645ba163cf223a544e) Importer(815301076,1909f56bfc062723c751e8b465ee728b)  -> (artifact id: '1012c38ba54b9316c8aac17ab5f39a29') in 0.005887 seconds 
========================================================================
Received Import Request.
  Time since last request: 0.078346 seconds.
  path: Assets/LowpolyStreetPack/Prefabs/StreetProps/PlantPots/QuickBuild/PlantPot_A_V01.prefab
  artifactKey: Guid(5f8e8b7b7a2c586408e4c48f6cf88b9e) Importer(815301076,1909f56bfc062723c751e8b465ee728b)
Start importing Assets/LowpolyStreetPack/Prefabs/StreetProps/PlantPots/QuickBuild/PlantPot_A_V01.prefab using Guid(5f8e8b7b7a2c586408e4c48f6cf88b9e) Importer(815301076,1909f56bfc062723c751e8b465ee728b)  -> (artifact id: 'aacd29c2b665c22f8e64d001832fe2d0') in 0.252188 seconds 
========================================================================
Received Import Request.
  Time since last request: 0.000025 seconds.
  path: Assets/LowpolyStreetPack/Prefabs/StreetProps/PlantPots/QuickBuild/PlantPot_D_V01.prefab
  artifactKey: Guid(05a609dfeaa0a8342a84c707df86f647) Importer(815301076,1909f56bfc062723c751e8b465ee728b)
Start importing Assets/LowpolyStreetPack/Prefabs/StreetProps/PlantPots/QuickBuild/PlantPot_D_V01.prefab using Guid(05a609dfeaa0a8342a84c707df86f647) Importer(815301076,1909f56bfc062723c751e8b465ee728b)  -> (artifact id: 'eadcf6714a3621607de7c8455eb84f7f') in 0.177222 seconds 
========================================================================
Received Import Request.
  Time since last request: 0.000025 seconds.
  path: Assets/LowpolyStreetPack/Prefabs/StreetProps/PlantPots/QuickBuild/PlantPot_B_V02.prefab
  artifactKey: Guid(db5a25ddc3185af4db2ea401a0e626c1) Importer(815301076,1909f56bfc062723c751e8b465ee728b)
Start importing Assets/LowpolyStreetPack/Prefabs/StreetProps/PlantPots/QuickBuild/PlantPot_B_V02.prefab using Guid(db5a25ddc3185af4db2ea401a0e626c1) Importer(815301076,1909f56bfc062723c751e8b465ee728b)  -> (artifact id: '06718d511e17f472d94f37e505611ad5') in 0.172009 seconds 
========================================================================
Received Import Request.
  Time since last request: 0.000025 seconds.
  path: Assets/LowpolyStreetPack/Prefabs/StreetProps/PlantPots/QuickBuild/PlantPot_D_V03.prefab
  artifactKey: Guid(1056deee5853f9b4b803937253095a86) Importer(815301076,1909f56bfc062723c751e8b465ee728b)
Start importing Assets/LowpolyStreetPack/Prefabs/StreetProps/PlantPots/QuickBuild/PlantPot_D_V03.prefab using Guid(1056deee5853f9b4b803937253095a86) Importer(815301076,1909f56bfc062723c751e8b465ee728b)  -> (artifact id: 'b51afcb8a7b4e777578af07d2e67e7c5') in 0.184692 seconds 
========================================================================
Received Import Request.
  Time since last request: 1.888611 seconds.
  path: Assets/LowpolyStreetPack/Prefabs/StreetProps/PlantPots/Elements/PlantPot_A.prefab
  artifactKey: Guid(89d17ec75e1a9764181f2a2d5aebc06b) Importer(815301076,1909f56bfc062723c751e8b465ee728b)
Start importing Assets/LowpolyStreetPack/Prefabs/StreetProps/PlantPots/Elements/PlantPot_A.prefab using Guid(89d17ec75e1a9764181f2a2d5aebc06b) Importer(815301076,1909f56bfc062723c751e8b465ee728b)  -> (artifact id: 'bb643d790f781b9c2664ea5ee1ba6aac') in 0.166676 seconds 
========================================================================
Received Import Request.
  Time since last request: 35.585735 seconds.
  path: Assets/LowpolyStreetPack/Prefabs/StreetProps/Powerpoles/Powerpole_A_B.prefab
  artifactKey: Guid(a652bb91708f8054b9d0821a1e4e8cf2) Importer(815301076,1909f56bfc062723c751e8b465ee728b)
Start importing Assets/LowpolyStreetPack/Prefabs/StreetProps/Powerpoles/Powerpole_A_B.prefab using Guid(a652bb91708f8054b9d0821a1e4e8cf2) Importer(815301076,1909f56bfc062723c751e8b465ee728b)  -> (artifact id: '35bf63e9d341187f99c5db48bfbb7379') in 0.167986 seconds 
========================================================================
Received Import Request.
  Time since last request: 12.033622 seconds.
  path: Assets/LowpolyStreetPack/Prefabs/StreetProps/RoadBlocks/RoadBlock_B.prefab
  artifactKey: Guid(68168b1d080f7ff4da5ac899be391c39) Importer(815301076,1909f56bfc062723c751e8b465ee728b)
Start importing Assets/LowpolyStreetPack/Prefabs/StreetProps/RoadBlocks/RoadBlock_B.prefab using Guid(68168b1d080f7ff4da5ac899be391c39) Importer(815301076,1909f56bfc062723c751e8b465ee728b)  -> (artifact id: 'c22f442f47be27ef059ebb44a89a4905') in 0.192153 seconds 
========================================================================
Received Import Request.
  Time since last request: 2.564433 seconds.
  path: Assets/LowpolyStreetPack/Prefabs/StreetProps/Roundabouts/QuickBuild/Roundabout_B_V01.prefab
  artifactKey: Guid(8f4e9d7aef920a54dba438b6d142135b) Importer(815301076,1909f56bfc062723c751e8b465ee728b)
Start importing Assets/LowpolyStreetPack/Prefabs/StreetProps/Roundabouts/QuickBuild/Roundabout_B_V01.prefab using Guid(8f4e9d7aef920a54dba438b6d142135b) Importer(815301076,1909f56bfc062723c751e8b465ee728b)  -> (artifact id: '81e2f7d92389d83f61b0d05a968c7f59') in 0.167053 seconds 
========================================================================
Received Import Request.
  Time since last request: 1.593971 seconds.
  path: Assets/LowpolyStreetPack/Prefabs/StreetProps/SewerCaps/SewerCap_B.prefab
  artifactKey: Guid(91f1e76099c83554f834694bd8cacdca) Importer(815301076,1909f56bfc062723c751e8b465ee728b)
Start importing Assets/LowpolyStreetPack/Prefabs/StreetProps/SewerCaps/SewerCap_B.prefab using Guid(91f1e76099c83554f834694bd8cacdca) Importer(815301076,1909f56bfc062723c751e8b465ee728b)  -> (artifact id: 'c17bfff9b63b55acd38ca5dcd3f42496') in 0.154620 seconds 
========================================================================
Received Import Request.
  Time since last request: 7.986111 seconds.
  path: Assets/LowpolyStreetPack/Prefabs/Foliage/Trees/Tree_A_V02_Leaves03.prefab
  artifactKey: Guid(96a66580192deed4ea0082a631417d2f) Importer(815301076,1909f56bfc062723c751e8b465ee728b)
Start importing Assets/LowpolyStreetPack/Prefabs/Foliage/Trees/Tree_A_V02_Leaves03.prefab using Guid(96a66580192deed4ea0082a631417d2f) Importer(815301076,1909f56bfc062723c751e8b465ee728b)  -> (artifact id: '35563d668fa1506daf204a60e90ad15e') in 0.179212 seconds 
========================================================================
Received Import Request.
  Time since last request: 0.000040 seconds.
  path: Assets/LowpolyStreetPack/Prefabs/Foliage/Trees/Tree_E_V02.prefab
  artifactKey: Guid(3087c85ae73a9f94e900671ac1fd06de) Importer(815301076,1909f56bfc062723c751e8b465ee728b)
Start importing Assets/LowpolyStreetPack/Prefabs/Foliage/Trees/Tree_E_V02.prefab using Guid(3087c85ae73a9f94e900671ac1fd06de) Importer(815301076,1909f56bfc062723c751e8b465ee728b)  -> (artifact id: 'ffb7a9d90cc7da484c05fbd21a2d7046') in 0.184975 seconds 
========================================================================
Received Import Request.
  Time since last request: 40.927423 seconds.
  path: Assets/LowpolyStreetPack/Prefabs/Foliage/Bushes/Bush_B_Leaves03.prefab
  artifactKey: Guid(bfba41359076cbd43b2ae328dde96de4) Importer(815301076,1909f56bfc062723c751e8b465ee728b)
Start importing Assets/LowpolyStreetPack/Prefabs/Foliage/Bushes/Bush_B_Leaves03.prefab using Guid(bfba41359076cbd43b2ae328dde96de4) Importer(815301076,1909f56bfc062723c751e8b465ee728b)  -> (artifact id: 'bcc74db0b33ac8d37ff2d14999d86cf8') in 0.175993 seconds 
========================================================================
Received Import Request.
  Time since last request: 12.704348 seconds.
  path: Assets/LowpolyStreetPack/Prefabs/Foliage/Trees_Big/Bush_D.prefab
  artifactKey: Guid(fc6387543ec400741a7191bb3032d0c6) Importer(815301076,1909f56bfc062723c751e8b465ee728b)
Start importing Assets/LowpolyStreetPack/Prefabs/Foliage/Trees_Big/Bush_D.prefab using Guid(fc6387543ec400741a7191bb3032d0c6) Importer(815301076,1909f56bfc062723c751e8b465ee728b)  -> (artifact id: '3e52483a19a508fa8fa3bd35c54f7b77') in 0.005731 seconds 
========================================================================
Received Import Request.
  Time since last request: 0.000015 seconds.
  path: Assets/LowpolyStreetPack/Prefabs/Foliage/Trees_Big/Tree_B_V01.prefab
  artifactKey: Guid(55ec860d4caf24541898e3ee68c376f3) Importer(815301076,1909f56bfc062723c751e8b465ee728b)
Start importing Assets/LowpolyStreetPack/Prefabs/Foliage/Trees_Big/Tree_B_V01.prefab using Guid(55ec860d4caf24541898e3ee68c376f3) Importer(815301076,1909f56bfc062723c751e8b465ee728b)  -> (artifact id: '5805739bde0cfe3d25efe789a794cf3c') in 0.008289 seconds 
Editor requested this worker to shutdown with reason: Scaling down because of idle timeout
AssetImportWorker is now disconnected from the server
Process exiting
Exiting without the bug reporter. Application will terminate with return code 0